<?xml version="1.0" encoding="UTF-8"?>
<!-- Generated by org.testng.reporters.JUnitReportReporter -->
<testsuite hostname="DESKTOP-609QHR3" failures="0" tests="1" name="runnerscript.Flip_kart" time="17.965" errors="0" timestamp="2024-12-03T12:42:43 IST" skipped="0">
  <testcase classname="runnerscript.Flip_kart" name="buynow" time="17.965"/>
  <system-out/>
</testsuite> <!-- runnerscript.Flip_kart -->
