<?xml version="1.0" encoding="UTF-8"?>
<!-- Generated by org.testng.reporters.JUnitReportReporter -->
<testsuite hostname="DESKTOP-609QHR3" failures="0" tests="1" name="NewSelenium.AssertScript" time="4.733" errors="0" timestamp="2024-11-30T12:30:00 IST" skipped="0">
  <testcase classname="NewSelenium.AssertScript" name="assert1" time="4.733"/>
  <system-out/>
</testsuite> <!-- NewSelenium.AssertScript -->
