<?xml version="1.0" encoding="UTF-8"?>
<!-- Generated by org.testng.reporters.JUnitReportReporter -->
<testsuite hostname="DESKTOP-609QHR3" failures="0" tests="2" name="TestNGFramework.Demo1" time="5.733" errors="0" timestamp="2024-09-17T11:18:35 IST" skipped="0">
  <testcase classname="TestNGFramework.Demo1" name="test2" time="0.007"/>
  <system-out>
    <![CDATA[Hello India]]>
  </system-out>
  <testcase classname="TestNGFramework.Demo1" name="test1" time="5.726"/>
  <system-out/>
</testsuite> <!-- TestNGFramework.Demo1 -->
