<?xml version="1.0" encoding="UTF-8"?>
<!-- Generated by org.testng.reporters.JUnitReportReporter -->
<testsuite hostname="DESKTOP-609QHR3" failures="0" tests="1" name="NewSelenium.Runner" time="22.924" errors="0" timestamp="2024-11-29T11:52:03 IST" skipped="0">
  <testcase classname="NewSelenium.Runner" name="fblogin" time="22.924"/>
  <system-out/>
</testsuite> <!-- NewSelenium.Runner -->
