<?xml version="1.0" encoding="UTF-8"?>
<!-- Generated by org.testng.reporters.JUnitReportReporter -->
<testsuite hostname="DESKTOP-609QHR3" failures="0" tests="5" name="TestNGFramework.InvocationcountAttribute" time="0.039" errors="0" timestamp="2024-09-21T12:12:04 IST" skipped="0">
  <testcase classname="TestNGFramework.InvocationcountAttribute" name="test1" time="0.021"/>
  <system-out/>
  <testcase classname="TestNGFramework.InvocationcountAttribute" name="test1" time="0.002"/>
  <system-out/>
  <testcase classname="TestNGFramework.InvocationcountAttribute" name="test1" time="0.009"/>
  <system-out/>
  <testcase classname="TestNGFramework.InvocationcountAttribute" name="test2" time="0.004"/>
  <system-out/>
  <testcase classname="TestNGFramework.InvocationcountAttribute" name="test1" time="0.003"/>
  <system-out/>
</testsuite> <!-- TestNGFramework.InvocationcountAttribute -->
