<?xml version="1.0" encoding="UTF-8"?>
<!-- Generated by org.testng.reporters.JUnitReportReporter -->
<testsuite hostname="DESKTOP-609QHR3" failures="0" tests="2" name="TestNGFramework.SkipMethod" time="0.020" errors="0" timestamp="2024-09-21T12:14:22 IST" skipped="1">
  <testcase classname="TestNGFramework.SkipMethod" name="test2" time="0.020"/>
  <system-out/>
  <testcase classname="TestNGFramework.SkipMethod" name="test1">
    <skipped/>
  </testcase> <!-- test1 -->
  <system-out/>
</testsuite> <!-- TestNGFramework.SkipMethod -->
