<?xml version="1.0" encoding="UTF-8"?>
<!-- Generated by org.testng.reporters.JUnitReportReporter -->
<testsuite hostname="DESKTOP-609QHR3" failures="0" tests="2" name="NewSelenium.gen_practice" time="21.232" errors="0" timestamp="2024-11-29T12:20:17 IST" skipped="0">
  <testcase classname="NewSelenium.gen_practice" name="appopen" time="11.907"/>
  <system-out/>
  <testcase classname="NewSelenium.gen_practice" name="fblogin" time="9.325"/>
  <system-out/>
</testsuite> <!-- NewSelenium.gen_practice -->
