<?xml version="1.0" encoding="UTF-8"?>
<!-- Generated by org.testng.reporters.JUnitReportReporter -->
<testsuite hostname="DESKTOP-609QHR3" failures="0" tests="1" name="runnerscript.Demo" time="9.531" errors="0" timestamp="2024-12-03T11:39:09 IST" skipped="0">
  <testcase classname="runnerscript.Demo" name="validdata" time="9.531"/>
  <system-out/>
</testsuite> <!-- runnerscript.Demo -->
