<?xml version="1.0" encoding="UTF-8"?>
<!-- Generated by org.testng.reporters.JUnitReportReporter -->
<testsuite hostname="DESKTOP-609QHR3" failures="0" tests="2" name="TestNGFramework.PriorityAttribute" time="0.022" errors="0" timestamp="2024-09-21T12:08:54 IST" skipped="0">
  <testcase classname="TestNGFramework.PriorityAttribute" name="test2" time="0.020"/>
  <system-out/>
  <testcase classname="TestNGFramework.PriorityAttribute" name="test1" time="0.002"/>
  <system-out/>
</testsuite> <!-- TestNGFramework.PriorityAttribute -->
